<?xml version="1.0" encoding="UTF-8"?>
<!-- Generated by org.testng.reporters.JUnitXMLReporter -->
<testsuite ignored="28" hostname="DESKTOP-TNPN53F" failures="0" tests="2" name="Default test" time="33.388" errors="0" timestamp="2023-01-03T18:23:42 IST">
  <testcase classname="TestCase.inventryPageTest" name="verifyProductCountTest" time="13.494"/>
  <testcase classname="TestCase.inventryPageTest" name="verifySortContainerDropDownTest" time="5.961"/>
  <testcase classname="TestCase.inventryPageTest" name="VerifyFacebookLogoEnableTest" time="0.0">
    <ignored/>
  </testcase> <!-- VerifyFacebookLogoEnableTest -->
  <testcase classname="TestCase.inventryPageTest" name="verifyLinkedInLinkTest" time="0.0">
    <ignored/>
  </testcase> <!-- verifyLinkedInLinkTest -->
  <testcase classname="TestCase.inventryPageTest" name="verifyPeekLogoTest" time="0.0">
    <ignored/>
  </testcase> <!-- verifyPeekLogoTest -->
  <testcase classname="TestCase.inventryPageTest" name="verifySortContainerButtonDisplayTest" time="0.0">
    <ignored/>
  </testcase> <!-- verifySortContainerButtonDisplayTest -->
  <testcase classname="TestCase.inventryPageTest" name="verifyShoppingCartLinkEnableTest" time="0.0">
    <ignored/>
  </testcase> <!-- verifyShoppingCartLinkEnableTest -->
  <testcase classname="TestCase.inventryPageTest" name="verifyinventryItemNamegetSwagAppTest" time="0.0">
    <ignored/>
  </testcase> <!-- verifyinventryItemNamegetSwagAppTest -->
  <testcase classname="TestCase.inventryPageTest" name="verifyCloseMenuButtonEnableTest" time="0.0">
    <ignored/>
  </testcase> <!-- verifyCloseMenuButtonEnableTest -->
  <testcase classname="TestCase.inventryPageTest" name="verifyInventryPageUrlTest" time="0.0">
    <ignored/>
  </testcase> <!-- verifyInventryPageUrlTest -->
  <testcase classname="TestCase.inventryPageTest" name="verifysortContainerDropDownGetTest" time="0.0">
    <ignored/>
  </testcase> <!-- verifysortContainerDropDownGetTest -->
  <testcase classname="TestCase.inventryPageTest" name="verifycloseMenuButtonClickTest" time="0.0">
    <ignored/>
  </testcase> <!-- verifycloseMenuButtonClickTest -->
  <testcase classname="TestCase.inventryPageTest" name="verifyFacebookLinkTest" time="0.0">
    <ignored/>
  </testcase> <!-- verifyFacebookLinkTest -->
  <testcase classname="TestCase.inventryPageTest" name="verifyAppLogoTextTest" time="0.0">
    <ignored/>
  </testcase> <!-- verifyAppLogoTextTest -->
  <testcase classname="TestCase.inventryPageTest" name="VerifyMenuButtonLogoClickTest" time="0.0">
    <ignored/>
  </testcase> <!-- VerifyMenuButtonLogoClickTest -->
  <testcase classname="TestCase.inventryPageTest" name="VerifyMenuButtonLogoEnableTest" time="0.0">
    <ignored/>
  </testcase> <!-- VerifyMenuButtonLogoEnableTest -->
  <testcase classname="TestCase.inventryPageTest" name="VerifyLinedInLogoVisibleTest" time="0.0">
    <ignored/>
  </testcase> <!-- VerifyLinedInLogoVisibleTest -->
  <testcase classname="TestCase.inventryPageTest" name="verifyShoppingCartLinkDisplayTest" time="0.0">
    <ignored/>
  </testcase> <!-- verifyShoppingCartLinkDisplayTest -->
  <testcase classname="TestCase.inventryPageTest" name="VerifyFacebookLogoVisibleTest" time="0.0">
    <ignored/>
  </testcase> <!-- VerifyFacebookLogoVisibleTest -->
  <testcase classname="TestCase.inventryPageTest" name="verifyCloseMenuButtonDisplayTest" time="0.0">
    <ignored/>
  </testcase> <!-- verifyCloseMenuButtonDisplayTest -->
  <testcase classname="TestCase.inventryPageTest" name="verifyAppLogoTest" time="0.0">
    <ignored/>
  </testcase> <!-- verifyAppLogoTest -->
  <testcase classname="TestCase.inventryPageTest" name="verifyTwiterLinkTest" time="0.0">
    <ignored/>
  </testcase> <!-- verifyTwiterLinkTest -->
  <testcase classname="TestCase.inventryPageTest" name="VerifytwiterLogoEnableTest" time="0.0">
    <ignored/>
  </testcase> <!-- VerifytwiterLogoEnableTest -->
  <testcase classname="TestCase.inventryPageTest" name="VerifyMenuLogoVisibleTest" time="0.0">
    <ignored/>
  </testcase> <!-- VerifyMenuLogoVisibleTest -->
  <testcase classname="TestCase.inventryPageTest" name="VerifytwiterLogoVisibleTest" time="0.0">
    <ignored/>
  </testcase> <!-- VerifytwiterLogoVisibleTest -->
  <testcase classname="TestCase.inventryPageTest" name="VerifySwagRobotImgLogoVisibleTest" time="0.0">
    <ignored/>
  </testcase> <!-- VerifySwagRobotImgLogoVisibleTest -->
  <testcase classname="TestCase.inventryPageTest" name="verifySortContainerButtonEnableTest" time="0.0">
    <ignored/>
  </testcase> <!-- verifySortContainerButtonEnableTest -->
  <testcase classname="TestCase.inventryPageTest" name="verifysortContainerDropDownGet" time="0.0">
    <ignored/>
  </testcase> <!-- verifysortContainerDropDownGet -->
  <testcase classname="TestCase.inventryPageTest" name="verifyitemsInMenuButtonEnable" time="0.0">
    <ignored/>
  </testcase> <!-- verifyitemsInMenuButtonEnable -->
  <testcase classname="TestCase.inventryPageTest" name="VerifyLinkedInLogoEnableTest" time="0.0">
    <ignored/>
  </testcase> <!-- VerifyLinkedInLogoEnableTest -->
</testsuite> <!-- Default test -->
