<?xml version="1.0" encoding="UTF-8"?>
<testng-results ignored="28" total="30" passed="2" failed="0" skipped="0">
  <reporter-output>
  </reporter-output>
  <suite started-at="2023-01-03T18:23:08 IST" name="Default suite" finished-at="2023-01-03T18:23:42 IST" duration-ms="33388">
    <groups>
    </groups>
    <test started-at="2023-01-03T18:23:08 IST" name="Default test" finished-at="2023-01-03T18:23:42 IST" duration-ms="33388">
      <class name="TestCase.inventryPageTest">
        <test-method is-config="true" signature="setUp()[pri:0, instance:TestCase.inventryPageTest@2f8dad04]" started-at="2023-01-03T18:23:08 IST" name="setUp" finished-at="2023-01-03T18:23:17 IST" duration-ms="8698" status="PASS">
          <reporter-output>
          </reporter-output>
        </test-method> <!-- setUp -->
        <test-method signature="verifyProductCountTest()[pri:0, instance:TestCase.inventryPageTest@2f8dad04]" started-at="2023-01-03T18:23:17 IST" name="verifyProductCountTest" finished-at="2023-01-03T18:23:31 IST" duration-ms="13494" status="PASS">
          <reporter-output>
          </reporter-output>
        </test-method> <!-- verifyProductCountTest -->
        <test-method is-config="true" signature="closeBrow()[pri:0, instance:TestCase.inventryPageTest@2f8dad04]" started-at="2023-01-03T18:23:31 IST" name="closeBrow" finished-at="2023-01-03T18:23:31 IST" duration-ms="692" status="PASS">
          <reporter-output>
          </reporter-output>
        </test-method> <!-- closeBrow -->
        <test-method is-config="true" signature="setUp()[pri:0, instance:TestCase.inventryPageTest@2f8dad04]" started-at="2023-01-03T18:23:31 IST" name="setUp" finished-at="2023-01-03T18:23:35 IST" duration-ms="3929" status="PASS">
          <reporter-output>
          </reporter-output>
        </test-method> <!-- setUp -->
        <test-method signature="verifySortContainerDropDownTest()[pri:0, instance:TestCase.inventryPageTest@2f8dad04]" started-at="2023-01-03T18:23:35 IST" name="verifySortContainerDropDownTest" finished-at="2023-01-03T18:23:41 IST" duration-ms="5961" status="PASS">
          <reporter-output>
          </reporter-output>
        </test-method> <!-- verifySortContainerDropDownTest -->
        <test-method is-config="true" signature="closeBrow()[pri:0, instance:TestCase.inventryPageTest@2f8dad04]" started-at="2023-01-03T18:23:41 IST" name="closeBrow" finished-at="2023-01-03T18:23:42 IST" duration-ms="497" status="PASS">
          <reporter-output>
          </reporter-output>
        </test-method> <!-- closeBrow -->
      </class> <!-- TestCase.inventryPageTest -->
    </test> <!-- Default test -->
  </suite> <!-- Default suite -->
</testng-results>
